c:\users\tharun\missionrndprojects\strings2\src\debug\vc120.pdb
c:\users\tharun\missionrndprojects\strings2\src\debug\vc120.idb
c:\users\tharun\missionrndprojects\strings2\src\debug\validemail.obj
c:\users\tharun\missionrndprojects\strings2\src\debug\commonroute.obj
c:\users\tharun\missionrndprojects\strings2\src\debug\consonants_vowels.obj
c:\users\tharun\missionrndprojects\strings2\src\debug\getfrequencyofword.obj
c:\users\tharun\missionrndprojects\strings2\src\debug\mainstrings2.obj
c:\users\tharun\missionrndprojects\strings2\src\debug\getlastword.obj
c:\users\tharun\missionrndprojects\strings2\src\debug\strmatch.obj
c:\users\tharun\missionrndprojects\strings2\src\debug\getsubstring.obj
c:\users\tharun\missionrndprojects\strings2\src\debug\binarystrop.obj
c:\users\tharun\missionrndprojects\strings2\debug\src.ilk
c:\users\tharun\missionrndprojects\strings2\debug\src.exe
c:\users\tharun\missionrndprojects\strings2\debug\src.pdb
c:\users\tharun\missionrndprojects\strings2\src\debug\src.tlog\cl.command.1.tlog
c:\users\tharun\missionrndprojects\strings2\src\debug\src.tlog\cl.read.1.tlog
c:\users\tharun\missionrndprojects\strings2\src\debug\src.tlog\cl.write.1.tlog
c:\users\tharun\missionrndprojects\strings2\src\debug\src.tlog\link.command.1.tlog
c:\users\tharun\missionrndprojects\strings2\src\debug\src.tlog\link.read.1.tlog
c:\users\tharun\missionrndprojects\strings2\src\debug\src.tlog\link.write.1.tlog
