Build started 22-06-2017 20:04:07.
     1>Project "C:\Users\Olive\MissionRnDProjects\C-Basics\src\src.vcxproj" on node 2 (Build target(s)).
     1>ClCompile:
         C:\Program Files (x86)\Microsoft Visual Studio 12.0\VC\bin\CL.exe /c /ZI /nologo /W3 /WX- /Od /Oy- /D WIN32 /D _DEBUG /D _CONSOLE /D _LIB /D _UNICODE /D UNICODE /Gm /EHsc /RTC1 /MDd /GS /fp:precise /Zc:wchar_t /Zc:forScope /Fo"Debug\\" /Fd"Debug\vc120.pdb" /Gd /TP /analyze- /errorReport:prompt count.cpp countFactorials.cpp countOnes.cpp decimalToOctal.cpp isOlder.cpp isPerfect.cpp MainBasics.cpp nthNumber.cpp octalToHexadecimal.cpp swapBits.cpp sum.cpp swap.cpp variableArguments.cpp
         variableArguments.cpp
         swap.cpp
         sum.cpp
         swapBits.cpp
     1>c:\users\olive\missionrndprojects\c-basics\src\swapbits.cpp(151): warning C4244: '=' : conversion from 'double' to 'unsigned int', possible loss of data
         octalToHexadecimal.cpp
     1>c:\users\olive\missionrndprojects\c-basics\src\octaltohexadecimal.cpp(30): warning C4244: '=' : conversion from 'double' to 'int', possible loss of data
     1>c:\users\olive\missionrndprojects\c-basics\src\octaltohexadecimal.cpp(41): warning C4244: '=' : conversion from 'double' to 'int', possible loss of data
         nthNumber.cpp
         MainBasics.cpp
         isPerfect.cpp
         isOlder.cpp
         decimalToOctal.cpp
     1>c:\users\olive\missionrndprojects\c-basics\src\decimaltooctal.cpp(41): warning C4305: 'initializing' : truncation from 'double' to 'float'
     1>c:\users\olive\missionrndprojects\c-basics\src\decimaltooctal.cpp(42): warning C4244: '=' : conversion from 'float' to 'int', possible loss of data
     1>c:\users\olive\missionrndprojects\c-basics\src\decimaltooctal.cpp(56): warning C4244: '=' : conversion from 'float' to 'int', possible loss of data
         countOnes.cpp
         countFactorials.cpp
         count.cpp
         Generating Code...
       Link:
         C:\Program Files (x86)\Microsoft Visual Studio 12.0\VC\bin\link.exe /ERRORREPORT:PROMPT /OUT:"C:\Users\Olive\MissionRnDProjects\C-Basics\Debug\src.exe" /INCREMENTAL /NOLOGO kernel32.lib user32.lib gdi32.lib winspool.lib comdlg32.lib advapi32.lib shell32.lib ole32.lib oleaut32.lib uuid.lib odbc32.lib odbccp32.lib /MANIFEST /MANIFESTUAC:"level='asInvoker' uiAccess='false'" /manifest:embed /DEBUG /PDB:"C:\Users\Olive\MissionRnDProjects\C-Basics\Debug\src.pdb" /SUBSYSTEM:CONSOLE /TLBID:1 /DYNAMICBASE /NXCOMPAT /IMPLIB:"C:\Users\Olive\MissionRnDProjects\C-Basics\Debug\src.lib" /MACHINE:X86 Debug\count.obj
         Debug\countFactorials.obj
         Debug\countOnes.obj
         Debug\decimalToOctal.obj
         Debug\isOlder.obj
         Debug\isPerfect.obj
         Debug\MainBasics.obj
         Debug\nthNumber.obj
         Debug\octalToHexadecimal.obj
         Debug\swapBits.obj
         Debug\sum.obj
         Debug\swap.obj
         Debug\variableArguments.obj
         src.vcxproj -> C:\Users\Olive\MissionRnDProjects\C-Basics\Debug\src.exe
     1>Done Building Project "C:\Users\Olive\MissionRnDProjects\C-Basics\src\src.vcxproj" (Build target(s)).

Build succeeded.

Time Elapsed 00:00:06.85
